0 info it worked if it ends with ok
1 verbose cli [ 'C:\\Program Files\\nodejs\\node.exe',
1 verbose cli   'C:\\Users\\cmu\\AppData\\Roaming\\npm\\node_modules\\cnpm\\node_modules\\npm\\bin\\npm-cli.js',
1 verbose cli   '--userconfig=C:\\Users\\cmu\\.cnpmrc',
1 verbose cli   '--disturl=https://npm.taobao.org/mirrors/node',
1 verbose cli   '--registry=https://registry.npm.taobao.org',
1 verbose cli   'run',
1 verbose cli   'dev' ]
2 info using npm@3.10.10
3 info using node@v8.4.0
4 verbose run-script [ 'predev', 'dev', 'postdev' ]
5 info lifecycle angular-test@1.0.0~predev: angular-test@1.0.0
6 silly lifecycle angular-test@1.0.0~predev: no script for predev, continuing
7 info lifecycle angular-test@1.0.0~dev: angular-test@1.0.0
8 verbose lifecycle angular-test@1.0.0~dev: unsafe-perm in lifecycle true
9 verbose lifecycle angular-test@1.0.0~dev: PATH: C:\Users\cmu\AppData\Roaming\npm\node_modules\cnpm\node_modules\npm\bin\node-gyp-bin;D:\project\LastOne\angularJs-test\angular-test\node_modules\.bin;C:\ProgramData\Oracle\Java\javapath;c:\program files\graphicsmagick-1.3.20-q16;D:\Program Files\Java\jre7\bin;C:\Program Files (x86)\Intel\iCLS Client\;C:\Program Files\Intel\iCLS Client\;C:\Windows\system32;C:\Windows;C:\Windows\System32\Wbem;C:\Windows\System32\WindowsPowerShell\v1.0\;C:\Program Files\Intel\Intel(R) Management Engine Components\DAL;C:\Program Files (x86)\Intel\Intel(R) Management Engine Components\DAL;C:\Program Files\Intel\Intel(R) Management Engine Components\IPT;C:\Program Files (x86)\Intel\Intel(R) Management Engine Components\IPT;C:\Windows\CCM;C:\Windows\CCM;C:\Program Files\Lenovo\Fingerprint Manager Pro\;C:\Program Files\TortoiseSVN\bin;C:\Program Files\TortoiseGit\bin;C:\Python27;C:\Program Files\Microsoft SQL Server\110\Tools\Binn\;C:\Program Files (x86)\Git\bin;C:\Program Files (x86)\Windows Kits\8.1\Windows Performance Toolkit\;C:\Program Files\SourceGear\Common\DiffMerge\;C:\Program Files\nodejs\;%JAVA_HOME%\bin;%JAVA_HOME%\bin;%JAVA_HOME%\jre7\bin;C:\Program Files\Intel\WiFi\bin\;C:\Program Files\Common Files\Intel\WirelessCommon\;C:\Program Files (x86)\Sennheiser\SoftphoneSDK\;C:\Users\cmu\AppData\Local\atom\bin;C:\Users\cmu\AppData\Roaming\npm;D:\Program Files\Microsoft VS Code\bin;C:\Program Files\Intel\WiFi\bin\;C:\Program Files\Common Files\Intel\WirelessCommon\
10 verbose lifecycle angular-test@1.0.0~dev: CWD: D:\project\LastOne\angularJs-test\angular-test
11 silly lifecycle angular-test@1.0.0~dev: Args: [ '/d /s /c', 'webpack -d --watch' ]
12 silly lifecycle angular-test@1.0.0~dev: Returned: code: 3221225786  signal: null
13 info lifecycle angular-test@1.0.0~dev: Failed to exec dev script
14 verbose stack Error: angular-test@1.0.0 dev: `webpack -d --watch`
14 verbose stack Exit status 3221225786
14 verbose stack     at EventEmitter.<anonymous> (C:\Users\cmu\AppData\Roaming\npm\node_modules\cnpm\node_modules\npm\lib\utils\lifecycle.js:255:16)
14 verbose stack     at emitTwo (events.js:125:13)
14 verbose stack     at EventEmitter.emit (events.js:213:7)
14 verbose stack     at ChildProcess.<anonymous> (C:\Users\cmu\AppData\Roaming\npm\node_modules\cnpm\node_modules\npm\lib\utils\spawn.js:40:14)
14 verbose stack     at emitTwo (events.js:125:13)
14 verbose stack     at ChildProcess.emit (events.js:213:7)
14 verbose stack     at maybeClose (internal/child_process.js:927:16)
14 verbose stack     at Process.ChildProcess._handle.onexit (internal/child_process.js:211:5)
15 verbose pkgid angular-test@1.0.0
16 verbose cwd D:\project\LastOne\angularJs-test\angular-test
17 error Windows_NT 6.3.9600
18 error argv "C:\\Program Files\\nodejs\\node.exe" "C:\\Users\\cmu\\AppData\\Roaming\\npm\\node_modules\\cnpm\\node_modules\\npm\\bin\\npm-cli.js" "--userconfig=C:\\Users\\cmu\\.cnpmrc" "--disturl=https://npm.taobao.org/mirrors/node" "--registry=https://registry.npm.taobao.org" "run" "dev"
19 error node v8.4.0
20 error npm  v3.10.10
21 error code ELIFECYCLE
22 error angular-test@1.0.0 dev: `webpack -d --watch`
22 error Exit status 3221225786
23 error Failed at the angular-test@1.0.0 dev script 'webpack -d --watch'.
23 error Make sure you have the latest version of node.js and npm installed.
23 error If you do, this is most likely a problem with the angular-test package,
23 error not with npm itself.
23 error Tell the author that this fails on your system:
23 error     webpack -d --watch
23 error You can get information on how to open an issue for this project with:
23 error     npm bugs angular-test
23 error Or if that isn't available, you can get their info via:
23 error     npm owner ls angular-test
23 error There is likely additional logging output above.
24 verbose exit [ 1, true ]
